<?xml version="1.0" encoding="UTF-8"?>
<testng-results ignored="0" total="1" passed="1" failed="0" skipped="0">
  <reporter-output>
  </reporter-output>
  <suite started-at="2020-10-24T14:58:52 IST" name="Default suite" finished-at="2020-10-24T14:59:09 IST" duration-ms="16602">
    <groups>
    </groups>
    <test started-at="2020-10-24T14:58:52 IST" name="Default test" finished-at="2020-10-24T14:59:09 IST" duration-ms="16602">
      <class name="com.qa.GoogleTest">
        <test-method is-config="true" signature="setUp()[pri:0, instance:com.qa.GoogleTest@7692d9cc]" started-at="2020-10-24T14:58:52 IST" name="setUp" finished-at="2020-10-24T14:59:09 IST" duration-ms="16446" status="PASS">
          <reporter-output>
          </reporter-output>
        </test-method> <!-- setUp -->
        <test-method signature="verifyGooglePageTitleTest()[pri:0, instance:com.qa.GoogleTest@7692d9cc]" started-at="2020-10-24T14:59:09 IST" name="verifyGooglePageTitleTest" finished-at="2020-10-24T14:59:09 IST" duration-ms="14" status="PASS">
          <reporter-output>
          </reporter-output>
        </test-method> <!-- verifyGooglePageTitleTest -->
        <test-method is-config="true" signature="tearDown()[pri:0, instance:com.qa.GoogleTest@7692d9cc]" started-at="2020-10-24T14:59:09 IST" name="tearDown" finished-at="2020-10-24T14:59:09 IST" duration-ms="97" status="PASS">
          <reporter-output>
          </reporter-output>
        </test-method> <!-- tearDown -->
      </class> <!-- com.qa.GoogleTest -->
    </test> <!-- Default test -->
  </suite> <!-- Default suite -->
</testng-results>
